
*** Running vivado
    with args -log design_1_blk_mem_gen_0_1.vds -m64 -product Vivado -mode batch -messageDb vivado.pb -notrace -source design_1_blk_mem_gen_0_1.tcl


****** Vivado v2017.1 (64-bit)
  **** SW Build 1846317 on Fri Apr 14 18:54:47 MDT 2017
  **** IP Build 1846188 on Fri Apr 14 20:52:08 MDT 2017
    ** Copyright 1986-2017 Xilinx, Inc. All Rights Reserved.

source design_1_blk_mem_gen_0_1.tcl -notrace
Starting RTL Elaboration : Time (s): cpu = 00:00:06 ; elapsed = 00:00:06 . Memory (MB): peak = 1167.426 ; gain = 68.996 ; free physical = 8614 ; free virtual = 27496
INFO: [Synth 8-638] synthesizing module 'design_1_blk_mem_gen_0_1' [/home/user/zynq/MMUv3/MMUv3.srcs/sources_1/bd/design_1/ip/design_1_blk_mem_gen_0_1/synth/design_1_blk_mem_gen_0_1.vhd:78]
INFO: [Synth 8-256] done synthesizing module 'design_1_blk_mem_gen_0_1' (9#1) [/home/user/zynq/MMUv3/MMUv3.srcs/sources_1/bd/design_1/ip/design_1_blk_mem_gen_0_1/synth/design_1_blk_mem_gen_0_1.vhd:78]
Finished RTL Elaboration : Time (s): cpu = 00:00:57 ; elapsed = 00:00:58 . Memory (MB): peak = 1367.824 ; gain = 269.395 ; free physical = 8183 ; free virtual = 27061
Finished RTL Optimization Phase 1 : Time (s): cpu = 00:00:57 ; elapsed = 00:00:58 . Memory (MB): peak = 1367.824 ; gain = 269.395 ; free physical = 8188 ; free virtual = 27066
INFO: [Device 21-403] Loading part xc7z010clg400-1
Constraint Validation Runtime : Time (s): cpu = 00:00:00.02 ; elapsed = 00:00:00.03 . Memory (MB): peak = 1452.848 ; gain = 0.000 ; free physical = 7912 ; free virtual = 26790
Finished Constraint Validation : Time (s): cpu = 00:01:09 ; elapsed = 00:01:10 . Memory (MB): peak = 1452.848 ; gain = 354.418 ; free physical = 7989 ; free virtual = 26872
Finished Loading Part and Timing Information : Time (s): cpu = 00:01:09 ; elapsed = 00:01:10 . Memory (MB): peak = 1452.848 ; gain = 354.418 ; free physical = 7989 ; free virtual = 26872
Finished applying 'set_property' XDC Constraints : Time (s): cpu = 00:01:09 ; elapsed = 00:01:10 . Memory (MB): peak = 1452.848 ; gain = 354.418 ; free physical = 7994 ; free virtual = 26877
Finished RTL Optimization Phase 2 : Time (s): cpu = 00:01:09 ; elapsed = 00:01:10 . Memory (MB): peak = 1452.848 ; gain = 354.418 ; free physical = 7985 ; free virtual = 26868
Finished Cross Boundary and Area Optimization : Time (s): cpu = 00:01:10 ; elapsed = 00:01:11 . Memory (MB): peak = 1452.848 ; gain = 354.418 ; free physical = 7985 ; free virtual = 26868
Finished Applying XDC Timing Constraints : Time (s): cpu = 00:01:18 ; elapsed = 00:01:19 . Memory (MB): peak = 1490.848 ; gain = 392.418 ; free physical = 7847 ; free virtual = 26725
Finished Timing Optimization : Time (s): cpu = 00:01:18 ; elapsed = 00:01:20 . Memory (MB): peak = 1490.848 ; gain = 392.418 ; free physical = 7846 ; free virtual = 26725
Finished Technology Mapping : Time (s): cpu = 00:01:18 ; elapsed = 00:01:20 . Memory (MB): peak = 1500.863 ; gain = 402.434 ; free physical = 7846 ; free virtual = 26724
Finished IO Insertion : Time (s): cpu = 00:01:19 ; elapsed = 00:01:20 . Memory (MB): peak = 1500.863 ; gain = 402.434 ; free physical = 7864 ; free virtual = 26741
Finished Renaming Generated Instances : Time (s): cpu = 00:01:19 ; elapsed = 00:01:20 . Memory (MB): peak = 1500.863 ; gain = 402.434 ; free physical = 7864 ; free virtual = 26741
Finished Rebuilding User Hierarchy : Time (s): cpu = 00:01:19 ; elapsed = 00:01:20 . Memory (MB): peak = 1500.863 ; gain = 402.434 ; free physical = 7864 ; free virtual = 26741
Finished Renaming Generated Ports : Time (s): cpu = 00:01:19 ; elapsed = 00:01:20 . Memory (MB): peak = 1500.863 ; gain = 402.434 ; free physical = 7864 ; free virtual = 26741
Finished Handling Custom Attributes : Time (s): cpu = 00:01:19 ; elapsed = 00:01:20 . Memory (MB): peak = 1500.863 ; gain = 402.434 ; free physical = 7864 ; free virtual = 26741
Finished Renaming Generated Nets : Time (s): cpu = 00:01:19 ; elapsed = 00:01:20 . Memory (MB): peak = 1500.863 ; gain = 402.434 ; free physical = 7864 ; free virtual = 26741

Report Cell Usage: 
+------+---------+------+
|      |Cell     |Count |
+------+---------+------+
|1     |RAMB36E1 |     1|
+------+---------+------+
Finished Writing Synthesis Report : Time (s): cpu = 00:01:19 ; elapsed = 00:01:20 . Memory (MB): peak = 1500.863 ; gain = 402.434 ; free physical = 7864 ; free virtual = 26741
synth_design: Time (s): cpu = 00:01:20 ; elapsed = 00:01:21 . Memory (MB): peak = 1504.863 ; gain = 419.020 ; free physical = 7889 ; free virtual = 26770
