
*** Running vivado
    with args -log design_1_proc_sys_reset_0_0.vds -m64 -product Vivado -mode batch -messageDb vivado.pb -notrace -source design_1_proc_sys_reset_0_0.tcl


****** Vivado v2017.1 (64-bit)
  **** SW Build 1846317 on Fri Apr 14 18:54:47 MDT 2017
  **** IP Build 1846188 on Fri Apr 14 20:52:08 MDT 2017
    ** Copyright 1986-2017 Xilinx, Inc. All Rights Reserved.

source design_1_proc_sys_reset_0_0.tcl -notrace
Starting RTL Elaboration : Time (s): cpu = 00:00:04 ; elapsed = 00:00:04 . Memory (MB): peak = 1166.422 ; gain = 67.996 ; free physical = 8205 ; free virtual = 27072
INFO: [Synth 8-638] synthesizing module 'design_1_proc_sys_reset_0_0' [/home/user/zynq/MMUv3/MMUv3.srcs/sources_1/bd/design_1/ip/design_1_proc_sys_reset_0_0/synth/design_1_proc_sys_reset_0_0.vhd:74]
INFO: [Synth 8-638] synthesizing module 'proc_sys_reset' [/home/user/zynq/MMUv3/MMUv3.srcs/sources_1/bd/design_1/ipshared/5db7/hdl/proc_sys_reset_v5_0_vh_rfs.vhd:1323]
INFO: [Synth 8-638] synthesizing module 'lpf' [/home/user/zynq/MMUv3/MMUv3.srcs/sources_1/bd/design_1/ipshared/5db7/hdl/proc_sys_reset_v5_0_vh_rfs.vhd:816]
INFO: [Synth 8-638] synthesizing module 'SRL16' [/opt/Xilinx/Vivado/2017.1/scripts/rt/data/unisim_comp.v:43657]
INFO: [Synth 8-256] done synthesizing module 'SRL16' (1#1) [/opt/Xilinx/Vivado/2017.1/scripts/rt/data/unisim_comp.v:43657]
INFO: [Synth 8-638] synthesizing module 'cdc_sync' [/home/user/zynq/MMUv3/MMUv3.srcs/sources_1/bd/design_1/ipshared/52cb/hdl/lib_cdc_v1_0_rfs.vhd:106]
INFO: [Synth 8-256] done synthesizing module 'cdc_sync' (2#1) [/home/user/zynq/MMUv3/MMUv3.srcs/sources_1/bd/design_1/ipshared/52cb/hdl/lib_cdc_v1_0_rfs.vhd:106]
INFO: [Synth 8-256] done synthesizing module 'lpf' (3#1) [/home/user/zynq/MMUv3/MMUv3.srcs/sources_1/bd/design_1/ipshared/5db7/hdl/proc_sys_reset_v5_0_vh_rfs.vhd:816]
INFO: [Synth 8-638] synthesizing module 'sequence_psr' [/home/user/zynq/MMUv3/MMUv3.srcs/sources_1/bd/design_1/ipshared/5db7/hdl/proc_sys_reset_v5_0_vh_rfs.vhd:301]
INFO: [Synth 8-638] synthesizing module 'upcnt_n' [/home/user/zynq/MMUv3/MMUv3.srcs/sources_1/bd/design_1/ipshared/5db7/hdl/proc_sys_reset_v5_0_vh_rfs.vhd:125]
INFO: [Synth 8-256] done synthesizing module 'upcnt_n' (4#1) [/home/user/zynq/MMUv3/MMUv3.srcs/sources_1/bd/design_1/ipshared/5db7/hdl/proc_sys_reset_v5_0_vh_rfs.vhd:125]
INFO: [Synth 8-256] done synthesizing module 'sequence_psr' (5#1) [/home/user/zynq/MMUv3/MMUv3.srcs/sources_1/bd/design_1/ipshared/5db7/hdl/proc_sys_reset_v5_0_vh_rfs.vhd:301]
INFO: [Synth 8-256] done synthesizing module 'proc_sys_reset' (6#1) [/home/user/zynq/MMUv3/MMUv3.srcs/sources_1/bd/design_1/ipshared/5db7/hdl/proc_sys_reset_v5_0_vh_rfs.vhd:1323]
INFO: [Synth 8-256] done synthesizing module 'design_1_proc_sys_reset_0_0' (7#1) [/home/user/zynq/MMUv3/MMUv3.srcs/sources_1/bd/design_1/ip/design_1_proc_sys_reset_0_0/synth/design_1_proc_sys_reset_0_0.vhd:74]
Finished RTL Elaboration : Time (s): cpu = 00:00:05 ; elapsed = 00:00:05 . Memory (MB): peak = 1207.922 ; gain = 109.496 ; free physical = 8216 ; free virtual = 27084
Finished RTL Optimization Phase 1 : Time (s): cpu = 00:00:05 ; elapsed = 00:00:05 . Memory (MB): peak = 1207.922 ; gain = 109.496 ; free physical = 8216 ; free virtual = 27084
INFO: [Device 21-403] Loading part xc7z010clg400-1
Constraint Validation Runtime : Time (s): cpu = 00:00:00.02 ; elapsed = 00:00:00.02 . Memory (MB): peak = 1522.555 ; gain = 0.000 ; free physical = 7967 ; free virtual = 26834
Finished Constraint Validation : Time (s): cpu = 00:00:16 ; elapsed = 00:00:16 . Memory (MB): peak = 1522.555 ; gain = 424.129 ; free physical = 8066 ; free virtual = 26933
Finished Loading Part and Timing Information : Time (s): cpu = 00:00:16 ; elapsed = 00:00:16 . Memory (MB): peak = 1522.555 ; gain = 424.129 ; free physical = 8066 ; free virtual = 26933
Finished applying 'set_property' XDC Constraints : Time (s): cpu = 00:00:16 ; elapsed = 00:00:16 . Memory (MB): peak = 1522.555 ; gain = 424.129 ; free physical = 8066 ; free virtual = 26933
Finished RTL Optimization Phase 2 : Time (s): cpu = 00:00:16 ; elapsed = 00:00:16 . Memory (MB): peak = 1522.555 ; gain = 424.129 ; free physical = 8058 ; free virtual = 26925
Finished Cross Boundary and Area Optimization : Time (s): cpu = 00:00:16 ; elapsed = 00:00:16 . Memory (MB): peak = 1522.555 ; gain = 424.129 ; free physical = 8048 ; free virtual = 26915
Finished Applying XDC Timing Constraints : Time (s): cpu = 00:00:24 ; elapsed = 00:00:25 . Memory (MB): peak = 1522.555 ; gain = 424.129 ; free physical = 7939 ; free virtual = 26806
Finished Timing Optimization : Time (s): cpu = 00:00:24 ; elapsed = 00:00:25 . Memory (MB): peak = 1522.555 ; gain = 424.129 ; free physical = 7939 ; free virtual = 26806
Finished Technology Mapping : Time (s): cpu = 00:00:24 ; elapsed = 00:00:25 . Memory (MB): peak = 1522.555 ; gain = 424.129 ; free physical = 7938 ; free virtual = 26805
Finished IO Insertion : Time (s): cpu = 00:00:25 ; elapsed = 00:00:25 . Memory (MB): peak = 1522.555 ; gain = 424.129 ; free physical = 7937 ; free virtual = 26805
Finished Renaming Generated Instances : Time (s): cpu = 00:00:25 ; elapsed = 00:00:25 . Memory (MB): peak = 1522.555 ; gain = 424.129 ; free physical = 7937 ; free virtual = 26805
Finished Rebuilding User Hierarchy : Time (s): cpu = 00:00:25 ; elapsed = 00:00:25 . Memory (MB): peak = 1522.555 ; gain = 424.129 ; free physical = 7937 ; free virtual = 26805
Finished Renaming Generated Ports : Time (s): cpu = 00:00:25 ; elapsed = 00:00:25 . Memory (MB): peak = 1522.555 ; gain = 424.129 ; free physical = 7937 ; free virtual = 26805
Finished Handling Custom Attributes : Time (s): cpu = 00:00:25 ; elapsed = 00:00:25 . Memory (MB): peak = 1522.555 ; gain = 424.129 ; free physical = 7937 ; free virtual = 26805
Finished Renaming Generated Nets : Time (s): cpu = 00:00:25 ; elapsed = 00:00:25 . Memory (MB): peak = 1522.555 ; gain = 424.129 ; free physical = 7937 ; free virtual = 26805

Report Cell Usage: 
+------+------+------+
|      |Cell  |Count |
+------+------+------+
|1     |LUT1  |     5|
|2     |LUT2  |     9|
|3     |LUT3  |     1|
|4     |LUT4  |     6|
|5     |LUT5  |     3|
|6     |LUT6  |     1|
|7     |SRL16 |     1|
|8     |FDR   |     8|
|9     |FDRE  |    28|
|10    |FDSE  |     4|
+------+------+------+
Finished Writing Synthesis Report : Time (s): cpu = 00:00:25 ; elapsed = 00:00:25 . Memory (MB): peak = 1522.555 ; gain = 424.129 ; free physical = 7937 ; free virtual = 26805
synth_design: Time (s): cpu = 00:00:26 ; elapsed = 00:00:26 . Memory (MB): peak = 1522.562 ; gain = 436.723 ; free physical = 7939 ; free virtual = 26807
