#-----------------------------------------------------------
# Webtalk v2017.1 (64-bit)
# SW Build 1846317 on Fri Apr 14 18:54:47 MDT 2017
# 
# Start of session at: Tue Jul 11 17:19:01 2017
# Process ID: 29827
# Current directory: /home/user/zynq/MMUv3/MMUv3.sdk/webtalk
# Command line: wbtcv -mode batch -source sdk_webtalk.tcl
# Log file: /home/user/zynq/MMUv3/MMUv3.sdk/webtalk/webtalk.log
# Journal file: /home/user/zynq/MMUv3/MMUv3.sdk/webtalk/webtalk.jou
#-----------------------------------------------------------
source sdk_webtalk.tcl
# webtalk_init -webtalk_dir /home/user/zynq/MMUv3/MMUv3.sdk/webtalk
# webtalk_register_client -client project
# webtalk_add_data -client project -key date_generated -value "2017-07-11 17:19:00" -context "software_version_and_target_device"
# webtalk_add_data -client project -key product_version -value "SDK v2017.1" -context "software_version_and_target_device"
# webtalk_add_data -client project -key build_version -value "2017.1" -context "software_version_and_target_device"
# webtalk_add_data -client project -key os_platform -value "amd64" -context "software_version_and_target_device"
# webtalk_add_data -client project -key registration_id -value "211364430_0_0_568" -context "software_version_and_target_device"
# webtalk_add_data -client project -key tool_flow -value "SDK" -context "software_version_and_target_device"
# webtalk_add_data -client project -key beta -value "false" -context "software_version_and_target_device"
# webtalk_add_data -client project -key route_design -value "NA" -context "software_version_and_target_device"
# webtalk_add_data -client project -key target_family -value "NA" -context "software_version_and_target_device"
# webtalk_add_data -client project -key target_device -value "NA" -context "software_version_and_target_device"
# webtalk_add_data -client project -key target_package -value "NA" -context "software_version_and_target_device"
# webtalk_add_data -client project -key target_speed -value "NA" -context "software_version_and_target_device"
# webtalk_add_data -client project -key random_id -value "gj71ngp4p6k1jo32co28t9bbpu" -context "software_version_and_target_device"
# webtalk_add_data -client project -key project_id -value "2017.1_4" -context "software_version_and_target_device"
# webtalk_add_data -client project -key project_iteration -value "4" -context "software_version_and_target_device"
# webtalk_add_data -client project -key os_name -value "Ubuntu" -context "user_environment"
# webtalk_add_data -client project -key os_release -value "Ubuntu 16.04.2 LTS" -context "user_environment"
# webtalk_add_data -client project -key cpu_name -value "Intel(R) Core(TM) i5-3320M CPU @ 2.60GHz" -context "user_environment"
# webtalk_add_data -client project -key cpu_speed -value "1897.155 MHz" -context "user_environment"
# webtalk_add_data -client project -key total_processors -value "1" -context "user_environment"
# webtalk_add_data -client project -key system_ram -value "16,000 GB" -context "user_environment"
# webtalk_register_client -client sdk
# webtalk_add_data -client sdk -key uid -value "1499777114000" -context "sdk\\\\hardware/1499777114000"
# webtalk_add_data -client sdk -key isZynq -value "true" -context "sdk\\\\hardware/1499777114000"
# webtalk_add_data -client sdk -key isZynqMP -value "false" -context "sdk\\\\hardware/1499777114000"
# webtalk_add_data -client sdk -key Processors -value "2" -context "sdk\\\\hardware/1499777114000"
# webtalk_add_data -client sdk -key VivadoVersion -value "2017.1" -context "sdk\\\\hardware/1499777114000"
# webtalk_add_data -client sdk -key Arch -value "zynq" -context "sdk\\\\hardware/1499777114000"
# webtalk_add_data -client sdk -key Device -value "7z010" -context "sdk\\\\hardware/1499777114000"
# webtalk_add_data -client sdk -key IsHandoff -value "true" -context "sdk\\\\hardware/1499777114000"
# webtalk_add_data -client sdk -key os -value "NA" -context "sdk\\\\hardware/1499777114000"
# webtalk_add_data -client sdk -key apptemplate -value "NA" -context "sdk\\\\hardware/1499777114000"
# webtalk_add_data -client sdk -key RecordType -value "HWCreation" -context "sdk\\\\hardware/1499777114000"
# webtalk_add_data -client sdk -key uid -value "1499777143000" -context "sdk\\\\bsp/1499777143000"
# webtalk_add_data -client sdk -key hwid -value "1499777114000" -context "sdk\\\\bsp/1499777143000"
# webtalk_add_data -client sdk -key os -value "standalone" -context "sdk\\\\bsp/1499777143000"
# webtalk_add_data -client sdk -key apptemplate -value "hello_world" -context "sdk\\\\bsp/1499777143000"
# webtalk_add_data -client sdk -key RecordType -value "BSPCreation" -context "sdk\\\\bsp/1499777143000"
# webtalk_add_data -client sdk -key uid -value "1499777144000" -context "sdk\\\\application/1499777144000"
# webtalk_add_data -client sdk -key hwid -value "1499777114000" -context "sdk\\\\application/1499777144000"
# webtalk_add_data -client sdk -key bspid -value "1499777143000" -context "sdk\\\\application/1499777144000"
# webtalk_add_data -client sdk -key newbsp -value "true" -context "sdk\\\\application/1499777144000"
# webtalk_add_data -client sdk -key os -value "standalone" -context "sdk\\\\application/1499777144000"
# webtalk_add_data -client sdk -key apptemplate -value "hello_world" -context "sdk\\\\application/1499777144000"
# webtalk_add_data -client sdk -key RecordType -value "APPCreation" -context "sdk\\\\application/1499777144000"
# webtalk_add_data -client sdk -key LangUsed -value "C" -context "sdk\\\\application/1499777144000"
# webtalk_add_data -client sdk -key Procused -value "ps7_cortexa9" -context "sdk\\\\application/1499777144000"
# webtalk_add_data -client sdk -key projSize -value "167.2734375" -context "sdk\\\\application/1499777144000"
# webtalk_add_data -client sdk -key uid -value "NA" -context "sdk\\\\bsp/1499786340837"
# webtalk_add_data -client sdk -key RecordType -value "ToolUsage" -context "sdk\\\\bsp/1499786340837"
# webtalk_add_data -client sdk -key BootgenCount -value "0" -context "sdk\\\\bsp/1499786340837"
# webtalk_add_data -client sdk -key DebugCount -value "8" -context "sdk\\\\bsp/1499786340837"
# webtalk_add_data -client sdk -key PerfCount -value "0" -context "sdk\\\\bsp/1499786340837"
# webtalk_add_data -client sdk -key FlashCount -value "0" -context "sdk\\\\bsp/1499786340837"
# webtalk_add_data -client sdk -key CrossTriggCount -value "0" -context "sdk\\\\bsp/1499786340837"
# webtalk_add_data -client sdk -key QemuDebugCount -value "0" -context "sdk\\\\bsp/1499786340837"
# webtalk_transmit -clientid 948548946 -regid "211364430_0_0_568" -xml /home/user/zynq/MMUv3/MMUv3.sdk/webtalk/usage_statistics_ext_sdk.xml -html /home/user/zynq/MMUv3/MMUv3.sdk/webtalk/usage_statistics_ext_sdk.html -wdm /home/user/zynq/MMUv3/MMUv3.sdk/webtalk/sdk_webtalk.wdm -intro "<H3>SDK Usage Report</H3><BR>"
INFO: [Common 17-186] '/home/user/zynq/MMUv3/MMUv3.sdk/webtalk/usage_statistics_ext_sdk.xml' has been successfully sent to Xilinx on Tue Jul 11 17:19:03 2017. For additional details about this file, please refer to the WebTalk help file at /opt/Xilinx/SDK/2017.1/doc/webtalk_introduction.html.
# webtalk_terminate
INFO: [Common 17-206] Exiting Webtalk at Tue Jul 11 17:19:03 2017...
