
*** Running vivado
    with args -log design_1_auto_ds_1.vds -m64 -product Vivado -mode batch -messageDb vivado.pb -notrace -source design_1_auto_ds_1.tcl


****** Vivado v2017.1 (64-bit)
  **** SW Build 1846317 on Fri Apr 14 18:54:47 MDT 2017
  **** IP Build 1846188 on Fri Apr 14 20:52:08 MDT 2017
    ** Copyright 1986-2017 Xilinx, Inc. All Rights Reserved.

source design_1_auto_ds_1.tcl -notrace
Starting RTL Elaboration : Time (s): cpu = 00:00:05 ; elapsed = 00:00:05 . Memory (MB): peak = 1177.418 ; gain = 78.996 ; free physical = 8111 ; free virtual = 26990
INFO: [Synth 8-638] synthesizing module 'design_1_auto_ds_1' [/home/user/zynq/MMUv3/MMUv3.srcs/sources_1/bd/design_1/ip/design_1_auto_ds_1/synth/design_1_auto_ds_1.v:58]
INFO: [Synth 8-638] synthesizing module 'axi_dwidth_converter_v2_1_12_top' [/home/user/zynq/MMUv3/MMUv3.srcs/sources_1/bd/design_1/ipshared/fef9/hdl/axi_dwidth_converter_v2_1_vlsyn_rfs.v:14450]
INFO: [Synth 8-638] synthesizing module 'axi_dwidth_converter_v2_1_12_axi_downsizer' [/home/user/zynq/MMUv3/MMUv3.srcs/sources_1/bd/design_1/ipshared/fef9/hdl/axi_dwidth_converter_v2_1_vlsyn_rfs.v:2380]
INFO: [Synth 8-638] synthesizing module 'axi_dwidth_converter_v2_1_12_b_downsizer' [/home/user/zynq/MMUv3/MMUv3.srcs/sources_1/bd/design_1/ipshared/fef9/hdl/axi_dwidth_converter_v2_1_vlsyn_rfs.v:1251]
INFO: [Synth 8-256] done synthesizing module 'axi_dwidth_converter_v2_1_12_b_downsizer' (1#1) [/home/user/zynq/MMUv3/MMUv3.srcs/sources_1/bd/design_1/ipshared/fef9/hdl/axi_dwidth_converter_v2_1_vlsyn_rfs.v:1251]
INFO: [Synth 8-638] synthesizing module 'axi_dwidth_converter_v2_1_12_a_downsizer' [/home/user/zynq/MMUv3/MMUv3.srcs/sources_1/bd/design_1/ipshared/fef9/hdl/axi_dwidth_converter_v2_1_vlsyn_rfs.v:64]
INFO: [Synth 8-638] synthesizing module 'axi_data_fifo_v2_1_11_axic_fifo' [/home/user/zynq/MMUv3/MMUv3.srcs/sources_1/bd/design_1/ipshared/5235/hdl/axi_data_fifo_v2_1_vl_rfs.v:64]
INFO: [Synth 8-638] synthesizing module 'axi_data_fifo_v2_1_11_fifo_gen' [/home/user/zynq/MMUv3/MMUv3.srcs/sources_1/bd/design_1/ipshared/5235/hdl/axi_data_fifo_v2_1_vl_rfs.v:168]
INFO: [Synth 8-256] done synthesizing module 'axi_data_fifo_v2_1_11_fifo_gen' (20#1) [/home/user/zynq/MMUv3/MMUv3.srcs/sources_1/bd/design_1/ipshared/5235/hdl/axi_data_fifo_v2_1_vl_rfs.v:168]
INFO: [Synth 8-256] done synthesizing module 'axi_data_fifo_v2_1_11_axic_fifo' (21#1) [/home/user/zynq/MMUv3/MMUv3.srcs/sources_1/bd/design_1/ipshared/5235/hdl/axi_data_fifo_v2_1_vl_rfs.v:64]
INFO: [Synth 8-638] synthesizing module 'axi_data_fifo_v2_1_11_axic_fifo__parameterized0' [/home/user/zynq/MMUv3/MMUv3.srcs/sources_1/bd/design_1/ipshared/5235/hdl/axi_data_fifo_v2_1_vl_rfs.v:64]
INFO: [Synth 8-638] synthesizing module 'axi_data_fifo_v2_1_11_fifo_gen__parameterized0' [/home/user/zynq/MMUv3/MMUv3.srcs/sources_1/bd/design_1/ipshared/5235/hdl/axi_data_fifo_v2_1_vl_rfs.v:168]
INFO: [Synth 8-256] done synthesizing module 'axi_data_fifo_v2_1_11_fifo_gen__parameterized0' (21#1) [/home/user/zynq/MMUv3/MMUv3.srcs/sources_1/bd/design_1/ipshared/5235/hdl/axi_data_fifo_v2_1_vl_rfs.v:168]
INFO: [Synth 8-256] done synthesizing module 'axi_data_fifo_v2_1_11_axic_fifo__parameterized0' (21#1) [/home/user/zynq/MMUv3/MMUv3.srcs/sources_1/bd/design_1/ipshared/5235/hdl/axi_data_fifo_v2_1_vl_rfs.v:64]
INFO: [Synth 8-256] done synthesizing module 'axi_dwidth_converter_v2_1_12_a_downsizer' (22#1) [/home/user/zynq/MMUv3/MMUv3.srcs/sources_1/bd/design_1/ipshared/fef9/hdl/axi_dwidth_converter_v2_1_vlsyn_rfs.v:64]
INFO: [Synth 8-638] synthesizing module 'axi_dwidth_converter_v2_1_12_w_downsizer' [/home/user/zynq/MMUv3/MMUv3.srcs/sources_1/bd/design_1/ipshared/fef9/hdl/axi_dwidth_converter_v2_1_vlsyn_rfs.v:2016]
INFO: [Synth 8-256] done synthesizing module 'axi_dwidth_converter_v2_1_12_w_downsizer' (23#1) [/home/user/zynq/MMUv3/MMUv3.srcs/sources_1/bd/design_1/ipshared/fef9/hdl/axi_dwidth_converter_v2_1_vlsyn_rfs.v:2016]
INFO: [Synth 8-638] synthesizing module 'axi_dwidth_converter_v2_1_12_a_downsizer__parameterized0' [/home/user/zynq/MMUv3/MMUv3.srcs/sources_1/bd/design_1/ipshared/fef9/hdl/axi_dwidth_converter_v2_1_vlsyn_rfs.v:64]
INFO: [Synth 8-256] done synthesizing module 'axi_dwidth_converter_v2_1_12_a_downsizer__parameterized0' (23#1) [/home/user/zynq/MMUv3/MMUv3.srcs/sources_1/bd/design_1/ipshared/fef9/hdl/axi_dwidth_converter_v2_1_vlsyn_rfs.v:64]
INFO: [Synth 8-638] synthesizing module 'axi_dwidth_converter_v2_1_12_r_downsizer' [/home/user/zynq/MMUv3/MMUv3.srcs/sources_1/bd/design_1/ipshared/fef9/hdl/axi_dwidth_converter_v2_1_vlsyn_rfs.v:1533]
INFO: [Synth 8-256] done synthesizing module 'axi_dwidth_converter_v2_1_12_r_downsizer' (24#1) [/home/user/zynq/MMUv3/MMUv3.srcs/sources_1/bd/design_1/ipshared/fef9/hdl/axi_dwidth_converter_v2_1_vlsyn_rfs.v:1533]
INFO: [Synth 8-256] done synthesizing module 'axi_dwidth_converter_v2_1_12_axi_downsizer' (25#1) [/home/user/zynq/MMUv3/MMUv3.srcs/sources_1/bd/design_1/ipshared/fef9/hdl/axi_dwidth_converter_v2_1_vlsyn_rfs.v:2380]
INFO: [Synth 8-256] done synthesizing module 'axi_dwidth_converter_v2_1_12_top' (26#1) [/home/user/zynq/MMUv3/MMUv3.srcs/sources_1/bd/design_1/ipshared/fef9/hdl/axi_dwidth_converter_v2_1_vlsyn_rfs.v:14450]
INFO: [Synth 8-256] done synthesizing module 'design_1_auto_ds_1' (27#1) [/home/user/zynq/MMUv3/MMUv3.srcs/sources_1/bd/design_1/ip/design_1_auto_ds_1/synth/design_1_auto_ds_1.v:58]
Finished RTL Elaboration : Time (s): cpu = 00:01:26 ; elapsed = 00:01:27 . Memory (MB): peak = 1304.918 ; gain = 206.496 ; free physical = 8194 ; free virtual = 27091
Finished RTL Optimization Phase 1 : Time (s): cpu = 00:01:26 ; elapsed = 00:01:27 . Memory (MB): peak = 1304.918 ; gain = 206.496 ; free physical = 8196 ; free virtual = 27093
INFO: [Device 21-403] Loading part xc7z010clg400-1
Constraint Validation Runtime : Time (s): cpu = 00:00:00.09 ; elapsed = 00:00:00.08 . Memory (MB): peak = 1544.941 ; gain = 0.000 ; free physical = 7894 ; free virtual = 26777
Finished Constraint Validation : Time (s): cpu = 00:01:38 ; elapsed = 00:01:39 . Memory (MB): peak = 1544.941 ; gain = 446.520 ; free physical = 8058 ; free virtual = 26943
Finished Loading Part and Timing Information : Time (s): cpu = 00:01:38 ; elapsed = 00:01:39 . Memory (MB): peak = 1544.941 ; gain = 446.520 ; free physical = 8058 ; free virtual = 26943
Finished applying 'set_property' XDC Constraints : Time (s): cpu = 00:01:38 ; elapsed = 00:01:39 . Memory (MB): peak = 1544.941 ; gain = 446.520 ; free physical = 8060 ; free virtual = 26945
Finished RTL Optimization Phase 2 : Time (s): cpu = 00:01:39 ; elapsed = 00:01:41 . Memory (MB): peak = 1544.941 ; gain = 446.520 ; free physical = 8054 ; free virtual = 26935
Finished Cross Boundary and Area Optimization : Time (s): cpu = 00:01:43 ; elapsed = 00:01:45 . Memory (MB): peak = 1544.941 ; gain = 446.520 ; free physical = 8019 ; free virtual = 26905
---------------------------------------------------------------------------------
Start ROM, RAM, DSP and Shift Register Reporting
---------------------------------------------------------------------------------

Distributed RAM: Preliminary Mapping  Report (see note below)
+------------------------------------------------------------------------------------------------------------------------------------+-------------------------------------------------------------------------------+----------------+----------------------+--------------+
|Module Name                                                                                                                         | RTL Object                                                                    | Inference      | Size (Depth x Width) | Primitives   | 
+------------------------------------------------------------------------------------------------------------------------------------+-------------------------------------------------------------------------------+----------------+----------------------+--------------+
|inst/\gen_downsizer.gen_simple_downsizer.axi_downsizer_inst/USE_WRITE.write_addr_inst/USE_B_CHANNEL.cmd_b_queue/inst/fifo_gen_inst  | inst_fifo_gen/gconvfifo.rf/grf.rf/gntv_or_sync_fifo.mem/gdm.dm_gen.dm/RAM_reg | User Attribute | 32 x 9               | RAM32M x 2   | 
|inst/\gen_downsizer.gen_simple_downsizer.axi_downsizer_inst/USE_WRITE.write_addr_inst/cmd_queue/inst/fifo_gen_inst                  | inst_fifo_gen/gconvfifo.rf/grf.rf/gntv_or_sync_fifo.mem/gdm.dm_gen.dm/RAM_reg | User Attribute | 32 x 26              | RAM32M x 5   | 
|inst/\gen_downsizer.gen_simple_downsizer.axi_downsizer_inst/USE_READ.read_addr_inst/cmd_queue/inst/fifo_gen_inst                    | inst_fifo_gen/gconvfifo.rf/grf.rf/gntv_or_sync_fifo.mem/gdm.dm_gen.dm/RAM_reg | User Attribute | 32 x 26              | RAM32M x 5   | 
+------------------------------------------------------------------------------------------------------------------------------------+-------------------------------------------------------------------------------+----------------+----------------------+--------------+

Note: The table above is a preliminary report that shows the Distributed RAMs at the current stage of the synthesis flow. Some Distributed RAMs may be reimplemented as non Distributed RAM primitives later in the synthesis flow. Multiple instantiated RAMs are reported only once.
---------------------------------------------------------------------------------
Finished ROM, RAM, DSP and Shift Register Reporting
---------------------------------------------------------------------------------
Finished Applying XDC Timing Constraints : Time (s): cpu = 00:01:51 ; elapsed = 00:01:53 . Memory (MB): peak = 1544.941 ; gain = 446.520 ; free physical = 7889 ; free virtual = 26770
Finished Timing Optimization : Time (s): cpu = 00:01:53 ; elapsed = 00:01:56 . Memory (MB): peak = 1585.309 ; gain = 486.887 ; free physical = 7932 ; free virtual = 26813
Finished Technology Mapping : Time (s): cpu = 00:01:54 ; elapsed = 00:01:56 . Memory (MB): peak = 1601.324 ; gain = 502.902 ; free physical = 7915 ; free virtual = 26796
Finished IO Insertion : Time (s): cpu = 00:01:55 ; elapsed = 00:01:57 . Memory (MB): peak = 1601.324 ; gain = 502.902 ; free physical = 7863 ; free virtual = 26749
Finished Renaming Generated Instances : Time (s): cpu = 00:01:55 ; elapsed = 00:01:57 . Memory (MB): peak = 1601.324 ; gain = 502.902 ; free physical = 7862 ; free virtual = 26748
Finished Rebuilding User Hierarchy : Time (s): cpu = 00:01:55 ; elapsed = 00:01:57 . Memory (MB): peak = 1601.324 ; gain = 502.902 ; free physical = 7847 ; free virtual = 26734
Finished Renaming Generated Ports : Time (s): cpu = 00:01:55 ; elapsed = 00:01:57 . Memory (MB): peak = 1601.324 ; gain = 502.902 ; free physical = 7845 ; free virtual = 26731
Finished Handling Custom Attributes : Time (s): cpu = 00:01:55 ; elapsed = 00:01:57 . Memory (MB): peak = 1601.324 ; gain = 502.902 ; free physical = 7841 ; free virtual = 26727
Finished Renaming Generated Nets : Time (s): cpu = 00:01:55 ; elapsed = 00:01:57 . Memory (MB): peak = 1601.324 ; gain = 502.902 ; free physical = 7840 ; free virtual = 26726

Report Cell Usage: 
+------+-------+------+
|      |Cell   |Count |
+------+-------+------+
|1     |CARRY4 |     6|
|2     |LUT1   |    20|
|3     |LUT2   |    90|
|4     |LUT3   |   114|
|5     |LUT4   |   147|
|6     |LUT5   |   113|
|7     |LUT6   |   199|
|8     |RAM32M |    12|
|9     |FDCE   |    69|
|10    |FDPE   |    63|
|11    |FDRE   |   507|
|12    |FDSE   |     3|
+------+-------+------+
Finished Writing Synthesis Report : Time (s): cpu = 00:01:55 ; elapsed = 00:01:57 . Memory (MB): peak = 1601.324 ; gain = 502.902 ; free physical = 7840 ; free virtual = 26726
synth_design: Time (s): cpu = 00:01:58 ; elapsed = 00:02:00 . Memory (MB): peak = 1601.332 ; gain = 515.496 ; free physical = 7889 ; free virtual = 26771
