
*** Running vivado
    with args -log design_1_blk_mem_gen_0_1.vds -m64 -product Vivado -mode batch -messageDb vivado.pb -notrace -source design_1_blk_mem_gen_0_1.tcl


****** Vivado v2017.1 (64-bit)
  **** SW Build 1846317 on Fri Apr 14 18:54:47 MDT 2017
  **** IP Build 1846188 on Fri Apr 14 20:52:08 MDT 2017
    ** Copyright 1986-2017 Xilinx, Inc. All Rights Reserved.

source design_1_blk_mem_gen_0_1.tcl -notrace
Starting RTL Elaboration : Time (s): cpu = 00:00:05 ; elapsed = 00:00:05 . Memory (MB): peak = 1166.426 ; gain = 67.996 ; free physical = 8085 ; free virtual = 26958
INFO: [Synth 8-638] synthesizing module 'design_1_blk_mem_gen_0_1' [/home/user/zynq/MMUv3/MMUv3.srcs/sources_1/bd/design_1/ip/design_1_blk_mem_gen_0_1/synth/design_1_blk_mem_gen_0_1.vhd:78]
INFO: [Synth 8-256] done synthesizing module 'design_1_blk_mem_gen_0_1' (9#1) [/home/user/zynq/MMUv3/MMUv3.srcs/sources_1/bd/design_1/ip/design_1_blk_mem_gen_0_1/synth/design_1_blk_mem_gen_0_1.vhd:78]
Finished RTL Elaboration : Time (s): cpu = 00:00:59 ; elapsed = 00:01:00 . Memory (MB): peak = 1367.824 ; gain = 269.395 ; free physical = 8162 ; free virtual = 27036
Finished RTL Optimization Phase 1 : Time (s): cpu = 00:00:59 ; elapsed = 00:01:00 . Memory (MB): peak = 1367.824 ; gain = 269.395 ; free physical = 8165 ; free virtual = 27039
INFO: [Device 21-403] Loading part xc7z010clg400-1
Constraint Validation Runtime : Time (s): cpu = 00:00:00.03 ; elapsed = 00:00:00.02 . Memory (MB): peak = 1459.840 ; gain = 0.000 ; free physical = 7964 ; free virtual = 26838
Finished Constraint Validation : Time (s): cpu = 00:01:15 ; elapsed = 00:01:16 . Memory (MB): peak = 1459.840 ; gain = 361.410 ; free physical = 8030 ; free virtual = 26904
Finished Loading Part and Timing Information : Time (s): cpu = 00:01:15 ; elapsed = 00:01:16 . Memory (MB): peak = 1459.840 ; gain = 361.410 ; free physical = 8030 ; free virtual = 26904
Finished applying 'set_property' XDC Constraints : Time (s): cpu = 00:01:15 ; elapsed = 00:01:17 . Memory (MB): peak = 1459.840 ; gain = 361.410 ; free physical = 8030 ; free virtual = 26904
Finished RTL Optimization Phase 2 : Time (s): cpu = 00:01:16 ; elapsed = 00:01:17 . Memory (MB): peak = 1459.840 ; gain = 361.410 ; free physical = 8023 ; free virtual = 26897
Finished Cross Boundary and Area Optimization : Time (s): cpu = 00:01:16 ; elapsed = 00:01:17 . Memory (MB): peak = 1459.840 ; gain = 361.410 ; free physical = 8024 ; free virtual = 26897
Finished Applying XDC Timing Constraints : Time (s): cpu = 00:01:25 ; elapsed = 00:01:27 . Memory (MB): peak = 1490.840 ; gain = 392.410 ; free physical = 7855 ; free virtual = 26729
Finished Timing Optimization : Time (s): cpu = 00:01:25 ; elapsed = 00:01:27 . Memory (MB): peak = 1490.840 ; gain = 392.410 ; free physical = 7855 ; free virtual = 26729
Finished Technology Mapping : Time (s): cpu = 00:01:26 ; elapsed = 00:01:27 . Memory (MB): peak = 1500.855 ; gain = 402.426 ; free physical = 7854 ; free virtual = 26728
Finished IO Insertion : Time (s): cpu = 00:01:26 ; elapsed = 00:01:27 . Memory (MB): peak = 1500.855 ; gain = 402.426 ; free physical = 7855 ; free virtual = 26729
Finished Renaming Generated Instances : Time (s): cpu = 00:01:26 ; elapsed = 00:01:27 . Memory (MB): peak = 1500.855 ; gain = 402.426 ; free physical = 7855 ; free virtual = 26729
Finished Rebuilding User Hierarchy : Time (s): cpu = 00:01:26 ; elapsed = 00:01:27 . Memory (MB): peak = 1500.855 ; gain = 402.426 ; free physical = 7855 ; free virtual = 26729
Finished Renaming Generated Ports : Time (s): cpu = 00:01:26 ; elapsed = 00:01:27 . Memory (MB): peak = 1500.855 ; gain = 402.426 ; free physical = 7855 ; free virtual = 26729
Finished Handling Custom Attributes : Time (s): cpu = 00:01:26 ; elapsed = 00:01:27 . Memory (MB): peak = 1500.855 ; gain = 402.426 ; free physical = 7855 ; free virtual = 26729
Finished Renaming Generated Nets : Time (s): cpu = 00:01:26 ; elapsed = 00:01:27 . Memory (MB): peak = 1500.855 ; gain = 402.426 ; free physical = 7855 ; free virtual = 26729

Report Cell Usage: 
+------+---------+------+
|      |Cell     |Count |
+------+---------+------+
|1     |RAMB36E1 |     2|
+------+---------+------+
Finished Writing Synthesis Report : Time (s): cpu = 00:01:26 ; elapsed = 00:01:27 . Memory (MB): peak = 1500.855 ; gain = 402.426 ; free physical = 7855 ; free virtual = 26729
synth_design: Time (s): cpu = 00:01:27 ; elapsed = 00:01:28 . Memory (MB): peak = 1505.855 ; gain = 420.012 ; free physical = 7883 ; free virtual = 26757
