
*** Running vivado
    with args -log design_1_auto_pc_0.vds -m64 -product Vivado -mode batch -messageDb vivado.pb -notrace -source design_1_auto_pc_0.tcl


****** Vivado v2017.1 (64-bit)
  **** SW Build 1846317 on Fri Apr 14 18:54:47 MDT 2017
  **** IP Build 1846188 on Fri Apr 14 20:52:08 MDT 2017
    ** Copyright 1986-2017 Xilinx, Inc. All Rights Reserved.

source design_1_auto_pc_0.tcl -notrace
Starting RTL Elaboration : Time (s): cpu = 00:00:05 ; elapsed = 00:00:05 . Memory (MB): peak = 1172.422 ; gain = 73.996 ; free physical = 8560 ; free virtual = 27394
INFO: [Synth 8-638] synthesizing module 'design_1_auto_pc_0' [/home/user/zynq/MMUv3/MMUv3.srcs/sources_1/bd/design_1/ip/design_1_auto_pc_0/synth/design_1_auto_pc_0.v:58]
INFO: [Synth 8-638] synthesizing module 'axi_protocol_converter_v2_1_12_axi_protocol_converter' [/home/user/zynq/MMUv3/MMUv3.srcs/sources_1/bd/design_1/ipshared/138d/hdl/axi_protocol_converter_v2_1_vl_rfs.v:4811]
INFO: [Synth 8-638] synthesizing module 'axi_protocol_converter_v2_1_12_b2s' [/home/user/zynq/MMUv3/MMUv3.srcs/sources_1/bd/design_1/ipshared/138d/hdl/axi_protocol_converter_v2_1_vl_rfs.v:4229]
INFO: [Synth 8-638] synthesizing module 'axi_protocol_converter_v2_1_12_b2s_aw_channel' [/home/user/zynq/MMUv3/MMUv3.srcs/sources_1/bd/design_1/ipshared/138d/hdl/axi_protocol_converter_v2_1_vl_rfs.v:3974]
INFO: [Synth 8-638] synthesizing module 'axi_protocol_converter_v2_1_12_b2s_cmd_translator' [/home/user/zynq/MMUv3/MMUv3.srcs/sources_1/bd/design_1/ipshared/138d/hdl/axi_protocol_converter_v2_1_vl_rfs.v:3467]
INFO: [Synth 8-638] synthesizing module 'axi_protocol_converter_v2_1_12_b2s_incr_cmd' [/home/user/zynq/MMUv3/MMUv3.srcs/sources_1/bd/design_1/ipshared/138d/hdl/axi_protocol_converter_v2_1_vl_rfs.v:3093]
INFO: [Synth 8-256] done synthesizing module 'axi_protocol_converter_v2_1_12_b2s_incr_cmd' (1#1) [/home/user/zynq/MMUv3/MMUv3.srcs/sources_1/bd/design_1/ipshared/138d/hdl/axi_protocol_converter_v2_1_vl_rfs.v:3093]
INFO: [Synth 8-638] synthesizing module 'axi_protocol_converter_v2_1_12_b2s_wrap_cmd' [/home/user/zynq/MMUv3/MMUv3.srcs/sources_1/bd/design_1/ipshared/138d/hdl/axi_protocol_converter_v2_1_vl_rfs.v:2903]
INFO: [Synth 8-256] done synthesizing module 'axi_protocol_converter_v2_1_12_b2s_wrap_cmd' (2#1) [/home/user/zynq/MMUv3/MMUv3.srcs/sources_1/bd/design_1/ipshared/138d/hdl/axi_protocol_converter_v2_1_vl_rfs.v:2903]
INFO: [Synth 8-256] done synthesizing module 'axi_protocol_converter_v2_1_12_b2s_cmd_translator' (3#1) [/home/user/zynq/MMUv3/MMUv3.srcs/sources_1/bd/design_1/ipshared/138d/hdl/axi_protocol_converter_v2_1_vl_rfs.v:3467]
INFO: [Synth 8-638] synthesizing module 'axi_protocol_converter_v2_1_12_b2s_wr_cmd_fsm' [/home/user/zynq/MMUv3/MMUv3.srcs/sources_1/bd/design_1/ipshared/138d/hdl/axi_protocol_converter_v2_1_vl_rfs.v:3225]
INFO: [Synth 8-256] done synthesizing module 'axi_protocol_converter_v2_1_12_b2s_wr_cmd_fsm' (4#1) [/home/user/zynq/MMUv3/MMUv3.srcs/sources_1/bd/design_1/ipshared/138d/hdl/axi_protocol_converter_v2_1_vl_rfs.v:3225]
INFO: [Synth 8-256] done synthesizing module 'axi_protocol_converter_v2_1_12_b2s_aw_channel' (5#1) [/home/user/zynq/MMUv3/MMUv3.srcs/sources_1/bd/design_1/ipshared/138d/hdl/axi_protocol_converter_v2_1_vl_rfs.v:3974]
INFO: [Synth 8-638] synthesizing module 'axi_protocol_converter_v2_1_12_b2s_b_channel' [/home/user/zynq/MMUv3/MMUv3.srcs/sources_1/bd/design_1/ipshared/138d/hdl/axi_protocol_converter_v2_1_vl_rfs.v:3609]
INFO: [Synth 8-638] synthesizing module 'axi_protocol_converter_v2_1_12_b2s_simple_fifo' [/home/user/zynq/MMUv3/MMUv3.srcs/sources_1/bd/design_1/ipshared/138d/hdl/axi_protocol_converter_v2_1_vl_rfs.v:2816]
INFO: [Synth 8-256] done synthesizing module 'axi_protocol_converter_v2_1_12_b2s_simple_fifo' (6#1) [/home/user/zynq/MMUv3/MMUv3.srcs/sources_1/bd/design_1/ipshared/138d/hdl/axi_protocol_converter_v2_1_vl_rfs.v:2816]
INFO: [Synth 8-638] synthesizing module 'axi_protocol_converter_v2_1_12_b2s_simple_fifo__parameterized0' [/home/user/zynq/MMUv3/MMUv3.srcs/sources_1/bd/design_1/ipshared/138d/hdl/axi_protocol_converter_v2_1_vl_rfs.v:2816]
INFO: [Synth 8-256] done synthesizing module 'axi_protocol_converter_v2_1_12_b2s_simple_fifo__parameterized0' (6#1) [/home/user/zynq/MMUv3/MMUv3.srcs/sources_1/bd/design_1/ipshared/138d/hdl/axi_protocol_converter_v2_1_vl_rfs.v:2816]
INFO: [Synth 8-256] done synthesizing module 'axi_protocol_converter_v2_1_12_b2s_b_channel' (7#1) [/home/user/zynq/MMUv3/MMUv3.srcs/sources_1/bd/design_1/ipshared/138d/hdl/axi_protocol_converter_v2_1_vl_rfs.v:3609]
INFO: [Synth 8-638] synthesizing module 'axi_protocol_converter_v2_1_12_b2s_ar_channel' [/home/user/zynq/MMUv3/MMUv3.srcs/sources_1/bd/design_1/ipshared/138d/hdl/axi_protocol_converter_v2_1_vl_rfs.v:4085]
INFO: [Synth 8-638] synthesizing module 'axi_protocol_converter_v2_1_12_b2s_rd_cmd_fsm' [/home/user/zynq/MMUv3/MMUv3.srcs/sources_1/bd/design_1/ipshared/138d/hdl/axi_protocol_converter_v2_1_vl_rfs.v:3336]
INFO: [Synth 8-256] done synthesizing module 'axi_protocol_converter_v2_1_12_b2s_rd_cmd_fsm' (8#1) [/home/user/zynq/MMUv3/MMUv3.srcs/sources_1/bd/design_1/ipshared/138d/hdl/axi_protocol_converter_v2_1_vl_rfs.v:3336]
INFO: [Synth 8-256] done synthesizing module 'axi_protocol_converter_v2_1_12_b2s_ar_channel' (9#1) [/home/user/zynq/MMUv3/MMUv3.srcs/sources_1/bd/design_1/ipshared/138d/hdl/axi_protocol_converter_v2_1_vl_rfs.v:4085]
INFO: [Synth 8-638] synthesizing module 'axi_protocol_converter_v2_1_12_b2s_r_channel' [/home/user/zynq/MMUv3/MMUv3.srcs/sources_1/bd/design_1/ipshared/138d/hdl/axi_protocol_converter_v2_1_vl_rfs.v:3814]
INFO: [Synth 8-638] synthesizing module 'axi_protocol_converter_v2_1_12_b2s_simple_fifo__parameterized1' [/home/user/zynq/MMUv3/MMUv3.srcs/sources_1/bd/design_1/ipshared/138d/hdl/axi_protocol_converter_v2_1_vl_rfs.v:2816]
INFO: [Synth 8-256] done synthesizing module 'axi_protocol_converter_v2_1_12_b2s_simple_fifo__parameterized1' (9#1) [/home/user/zynq/MMUv3/MMUv3.srcs/sources_1/bd/design_1/ipshared/138d/hdl/axi_protocol_converter_v2_1_vl_rfs.v:2816]
INFO: [Synth 8-638] synthesizing module 'axi_protocol_converter_v2_1_12_b2s_simple_fifo__parameterized2' [/home/user/zynq/MMUv3/MMUv3.srcs/sources_1/bd/design_1/ipshared/138d/hdl/axi_protocol_converter_v2_1_vl_rfs.v:2816]
INFO: [Synth 8-256] done synthesizing module 'axi_protocol_converter_v2_1_12_b2s_simple_fifo__parameterized2' (9#1) [/home/user/zynq/MMUv3/MMUv3.srcs/sources_1/bd/design_1/ipshared/138d/hdl/axi_protocol_converter_v2_1_vl_rfs.v:2816]
INFO: [Synth 8-256] done synthesizing module 'axi_protocol_converter_v2_1_12_b2s_r_channel' (10#1) [/home/user/zynq/MMUv3/MMUv3.srcs/sources_1/bd/design_1/ipshared/138d/hdl/axi_protocol_converter_v2_1_vl_rfs.v:3814]
INFO: [Synth 8-638] synthesizing module 'axi_register_slice_v2_1_12_axi_register_slice' [/home/user/zynq/MMUv3/MMUv3.srcs/sources_1/bd/design_1/ipshared/0e33/hdl/axi_register_slice_v2_1_vl_rfs.v:791]
INFO: [Synth 8-638] synthesizing module 'axi_infrastructure_v1_1_0_axi2vector' [/home/user/zynq/MMUv3/MMUv3.srcs/sources_1/bd/design_1/ipshared/7e3a/hdl/axi_infrastructure_v1_1_vl_rfs.v:60]
INFO: [Synth 8-256] done synthesizing module 'axi_infrastructure_v1_1_0_axi2vector' (11#1) [/home/user/zynq/MMUv3/MMUv3.srcs/sources_1/bd/design_1/ipshared/7e3a/hdl/axi_infrastructure_v1_1_vl_rfs.v:60]
INFO: [Synth 8-638] synthesizing module 'axi_register_slice_v2_1_12_axic_register_slice' [/home/user/zynq/MMUv3/MMUv3.srcs/sources_1/bd/design_1/ipshared/0e33/hdl/axi_register_slice_v2_1_vl_rfs.v:85]
INFO: [Synth 8-256] done synthesizing module 'axi_register_slice_v2_1_12_axic_register_slice' (12#1) [/home/user/zynq/MMUv3/MMUv3.srcs/sources_1/bd/design_1/ipshared/0e33/hdl/axi_register_slice_v2_1_vl_rfs.v:85]
INFO: [Synth 8-638] synthesizing module 'axi_register_slice_v2_1_12_axic_register_slice__parameterized0' [/home/user/zynq/MMUv3/MMUv3.srcs/sources_1/bd/design_1/ipshared/0e33/hdl/axi_register_slice_v2_1_vl_rfs.v:85]
INFO: [Synth 8-256] done synthesizing module 'axi_register_slice_v2_1_12_axic_register_slice__parameterized0' (12#1) [/home/user/zynq/MMUv3/MMUv3.srcs/sources_1/bd/design_1/ipshared/0e33/hdl/axi_register_slice_v2_1_vl_rfs.v:85]
INFO: [Synth 8-638] synthesizing module 'axi_register_slice_v2_1_12_axic_register_slice__parameterized1' [/home/user/zynq/MMUv3/MMUv3.srcs/sources_1/bd/design_1/ipshared/0e33/hdl/axi_register_slice_v2_1_vl_rfs.v:85]
INFO: [Synth 8-256] done synthesizing module 'axi_register_slice_v2_1_12_axic_register_slice__parameterized1' (12#1) [/home/user/zynq/MMUv3/MMUv3.srcs/sources_1/bd/design_1/ipshared/0e33/hdl/axi_register_slice_v2_1_vl_rfs.v:85]
INFO: [Synth 8-638] synthesizing module 'axi_register_slice_v2_1_12_axic_register_slice__parameterized2' [/home/user/zynq/MMUv3/MMUv3.srcs/sources_1/bd/design_1/ipshared/0e33/hdl/axi_register_slice_v2_1_vl_rfs.v:85]
INFO: [Synth 8-256] done synthesizing module 'axi_register_slice_v2_1_12_axic_register_slice__parameterized2' (12#1) [/home/user/zynq/MMUv3/MMUv3.srcs/sources_1/bd/design_1/ipshared/0e33/hdl/axi_register_slice_v2_1_vl_rfs.v:85]
INFO: [Synth 8-638] synthesizing module 'axi_infrastructure_v1_1_0_vector2axi' [/home/user/zynq/MMUv3/MMUv3.srcs/sources_1/bd/design_1/ipshared/7e3a/hdl/axi_infrastructure_v1_1_vl_rfs.v:474]
INFO: [Synth 8-256] done synthesizing module 'axi_infrastructure_v1_1_0_vector2axi' (13#1) [/home/user/zynq/MMUv3/MMUv3.srcs/sources_1/bd/design_1/ipshared/7e3a/hdl/axi_infrastructure_v1_1_vl_rfs.v:474]
INFO: [Synth 8-256] done synthesizing module 'axi_register_slice_v2_1_12_axi_register_slice' (14#1) [/home/user/zynq/MMUv3/MMUv3.srcs/sources_1/bd/design_1/ipshared/0e33/hdl/axi_register_slice_v2_1_vl_rfs.v:791]
INFO: [Synth 8-638] synthesizing module 'axi_register_slice_v2_1_12_axi_register_slice__parameterized0' [/home/user/zynq/MMUv3/MMUv3.srcs/sources_1/bd/design_1/ipshared/0e33/hdl/axi_register_slice_v2_1_vl_rfs.v:791]
INFO: [Synth 8-638] synthesizing module 'axi_infrastructure_v1_1_0_axi2vector__parameterized0' [/home/user/zynq/MMUv3/MMUv3.srcs/sources_1/bd/design_1/ipshared/7e3a/hdl/axi_infrastructure_v1_1_vl_rfs.v:60]
INFO: [Synth 8-256] done synthesizing module 'axi_infrastructure_v1_1_0_axi2vector__parameterized0' (14#1) [/home/user/zynq/MMUv3/MMUv3.srcs/sources_1/bd/design_1/ipshared/7e3a/hdl/axi_infrastructure_v1_1_vl_rfs.v:60]
INFO: [Synth 8-638] synthesizing module 'axi_register_slice_v2_1_12_axic_register_slice__parameterized3' [/home/user/zynq/MMUv3/MMUv3.srcs/sources_1/bd/design_1/ipshared/0e33/hdl/axi_register_slice_v2_1_vl_rfs.v:85]
INFO: [Synth 8-256] done synthesizing module 'axi_register_slice_v2_1_12_axic_register_slice__parameterized3' (14#1) [/home/user/zynq/MMUv3/MMUv3.srcs/sources_1/bd/design_1/ipshared/0e33/hdl/axi_register_slice_v2_1_vl_rfs.v:85]
INFO: [Synth 8-638] synthesizing module 'axi_register_slice_v2_1_12_axic_register_slice__parameterized4' [/home/user/zynq/MMUv3/MMUv3.srcs/sources_1/bd/design_1/ipshared/0e33/hdl/axi_register_slice_v2_1_vl_rfs.v:85]
INFO: [Synth 8-256] done synthesizing module 'axi_register_slice_v2_1_12_axic_register_slice__parameterized4' (14#1) [/home/user/zynq/MMUv3/MMUv3.srcs/sources_1/bd/design_1/ipshared/0e33/hdl/axi_register_slice_v2_1_vl_rfs.v:85]
INFO: [Synth 8-638] synthesizing module 'axi_register_slice_v2_1_12_axic_register_slice__parameterized5' [/home/user/zynq/MMUv3/MMUv3.srcs/sources_1/bd/design_1/ipshared/0e33/hdl/axi_register_slice_v2_1_vl_rfs.v:85]
INFO: [Synth 8-256] done synthesizing module 'axi_register_slice_v2_1_12_axic_register_slice__parameterized5' (14#1) [/home/user/zynq/MMUv3/MMUv3.srcs/sources_1/bd/design_1/ipshared/0e33/hdl/axi_register_slice_v2_1_vl_rfs.v:85]
INFO: [Synth 8-638] synthesizing module 'axi_register_slice_v2_1_12_axic_register_slice__parameterized6' [/home/user/zynq/MMUv3/MMUv3.srcs/sources_1/bd/design_1/ipshared/0e33/hdl/axi_register_slice_v2_1_vl_rfs.v:85]
INFO: [Synth 8-256] done synthesizing module 'axi_register_slice_v2_1_12_axic_register_slice__parameterized6' (14#1) [/home/user/zynq/MMUv3/MMUv3.srcs/sources_1/bd/design_1/ipshared/0e33/hdl/axi_register_slice_v2_1_vl_rfs.v:85]
INFO: [Synth 8-638] synthesizing module 'axi_infrastructure_v1_1_0_vector2axi__parameterized0' [/home/user/zynq/MMUv3/MMUv3.srcs/sources_1/bd/design_1/ipshared/7e3a/hdl/axi_infrastructure_v1_1_vl_rfs.v:474]
INFO: [Synth 8-256] done synthesizing module 'axi_infrastructure_v1_1_0_vector2axi__parameterized0' (14#1) [/home/user/zynq/MMUv3/MMUv3.srcs/sources_1/bd/design_1/ipshared/7e3a/hdl/axi_infrastructure_v1_1_vl_rfs.v:474]
INFO: [Synth 8-256] done synthesizing module 'axi_register_slice_v2_1_12_axi_register_slice__parameterized0' (14#1) [/home/user/zynq/MMUv3/MMUv3.srcs/sources_1/bd/design_1/ipshared/0e33/hdl/axi_register_slice_v2_1_vl_rfs.v:791]
INFO: [Synth 8-256] done synthesizing module 'axi_protocol_converter_v2_1_12_b2s' (15#1) [/home/user/zynq/MMUv3/MMUv3.srcs/sources_1/bd/design_1/ipshared/138d/hdl/axi_protocol_converter_v2_1_vl_rfs.v:4229]
INFO: [Synth 8-256] done synthesizing module 'axi_protocol_converter_v2_1_12_axi_protocol_converter' (16#1) [/home/user/zynq/MMUv3/MMUv3.srcs/sources_1/bd/design_1/ipshared/138d/hdl/axi_protocol_converter_v2_1_vl_rfs.v:4811]
INFO: [Synth 8-256] done synthesizing module 'design_1_auto_pc_0' (17#1) [/home/user/zynq/MMUv3/MMUv3.srcs/sources_1/bd/design_1/ip/design_1_auto_pc_0/synth/design_1_auto_pc_0.v:58]
Finished RTL Elaboration : Time (s): cpu = 00:00:35 ; elapsed = 00:00:36 . Memory (MB): peak = 1292.922 ; gain = 194.496 ; free physical = 8341 ; free virtual = 27176
Finished RTL Optimization Phase 1 : Time (s): cpu = 00:00:35 ; elapsed = 00:00:36 . Memory (MB): peak = 1292.922 ; gain = 194.496 ; free physical = 8342 ; free virtual = 27177
INFO: [Device 21-403] Loading part xc7z010clg400-1
Constraint Validation Runtime : Time (s): cpu = 00:00:00.10 ; elapsed = 00:00:00.08 . Memory (MB): peak = 1538.945 ; gain = 0.000 ; free physical = 8057 ; free virtual = 26892
Finished Constraint Validation : Time (s): cpu = 00:00:47 ; elapsed = 00:00:48 . Memory (MB): peak = 1538.945 ; gain = 440.520 ; free physical = 8039 ; free virtual = 26876
Finished Loading Part and Timing Information : Time (s): cpu = 00:00:47 ; elapsed = 00:00:48 . Memory (MB): peak = 1538.945 ; gain = 440.520 ; free physical = 8039 ; free virtual = 26876
Finished applying 'set_property' XDC Constraints : Time (s): cpu = 00:00:47 ; elapsed = 00:00:48 . Memory (MB): peak = 1538.945 ; gain = 440.520 ; free physical = 8040 ; free virtual = 26877
Finished RTL Optimization Phase 2 : Time (s): cpu = 00:00:48 ; elapsed = 00:00:48 . Memory (MB): peak = 1538.945 ; gain = 440.520 ; free physical = 7992 ; free virtual = 26828
Finished Cross Boundary and Area Optimization : Time (s): cpu = 00:00:50 ; elapsed = 00:00:51 . Memory (MB): peak = 1538.945 ; gain = 440.520 ; free physical = 7946 ; free virtual = 26791
Finished Applying XDC Timing Constraints : Time (s): cpu = 00:01:00 ; elapsed = 00:01:01 . Memory (MB): peak = 1538.945 ; gain = 440.520 ; free physical = 8420 ; free virtual = 27261
Finished Timing Optimization : Time (s): cpu = 00:01:02 ; elapsed = 00:01:03 . Memory (MB): peak = 1558.641 ; gain = 460.215 ; free physical = 8425 ; free virtual = 27267
Finished Technology Mapping : Time (s): cpu = 00:01:03 ; elapsed = 00:01:04 . Memory (MB): peak = 1567.648 ; gain = 469.223 ; free physical = 8418 ; free virtual = 27260
Finished IO Insertion : Time (s): cpu = 00:01:04 ; elapsed = 00:01:05 . Memory (MB): peak = 1567.648 ; gain = 469.223 ; free physical = 8405 ; free virtual = 27246
Finished Renaming Generated Instances : Time (s): cpu = 00:01:04 ; elapsed = 00:01:05 . Memory (MB): peak = 1567.648 ; gain = 469.223 ; free physical = 8405 ; free virtual = 27246
Finished Rebuilding User Hierarchy : Time (s): cpu = 00:01:04 ; elapsed = 00:01:05 . Memory (MB): peak = 1567.648 ; gain = 469.223 ; free physical = 8404 ; free virtual = 27246
Finished Renaming Generated Ports : Time (s): cpu = 00:01:04 ; elapsed = 00:01:05 . Memory (MB): peak = 1567.648 ; gain = 469.223 ; free physical = 8404 ; free virtual = 27246
Finished Handling Custom Attributes : Time (s): cpu = 00:01:04 ; elapsed = 00:01:05 . Memory (MB): peak = 1567.648 ; gain = 469.223 ; free physical = 8395 ; free virtual = 27237
Finished Renaming Generated Nets : Time (s): cpu = 00:01:04 ; elapsed = 00:01:05 . Memory (MB): peak = 1567.648 ; gain = 469.223 ; free physical = 8409 ; free virtual = 27252

Report Cell Usage: 
+------+--------+------+
|      |Cell    |Count |
+------+--------+------+
|1     |CARRY4  |    18|
|2     |LUT1    |    36|
|3     |LUT2    |    20|
|4     |LUT3    |   247|
|5     |LUT4    |    45|
|6     |LUT5    |    65|
|7     |LUT6    |   113|
|8     |SRL16E  |    22|
|9     |SRLC32E |    47|
|10    |FDRE    |   570|
|11    |FDSE    |    49|
+------+--------+------+
Finished Writing Synthesis Report : Time (s): cpu = 00:01:04 ; elapsed = 00:01:05 . Memory (MB): peak = 1567.648 ; gain = 469.223 ; free physical = 8401 ; free virtual = 27244
synth_design: Time (s): cpu = 00:01:06 ; elapsed = 00:01:07 . Memory (MB): peak = 1567.656 ; gain = 481.816 ; free physical = 8465 ; free virtual = 27304
