
*** Running vivado
    with args -log design_1_axi_bram_ctrl_0_2.vds -m64 -product Vivado -mode batch -messageDb vivado.pb -notrace -source design_1_axi_bram_ctrl_0_2.tcl


****** Vivado v2017.1 (64-bit)
  **** SW Build 1846317 on Fri Apr 14 18:54:47 MDT 2017
  **** IP Build 1846188 on Fri Apr 14 20:52:08 MDT 2017
    ** Copyright 1986-2017 Xilinx, Inc. All Rights Reserved.

source design_1_axi_bram_ctrl_0_2.tcl -notrace
Starting RTL Elaboration : Time (s): cpu = 00:00:05 ; elapsed = 00:00:05 . Memory (MB): peak = 1167.418 ; gain = 68.996 ; free physical = 8089 ; free virtual = 26962
INFO: [Synth 8-638] synthesizing module 'design_1_axi_bram_ctrl_0_2' [/home/user/zynq/MMUv3/MMUv3.srcs/sources_1/bd/design_1/ip/design_1_axi_bram_ctrl_0_2/synth/design_1_axi_bram_ctrl_0_2.vhd:104]
INFO: [Synth 8-638] synthesizing module 'axi_bram_ctrl' [/home/user/zynq/MMUv3/MMUv3.srcs/sources_1/bd/design_1/ipshared/9183/hdl/axi_bram_ctrl_v4_0_rfs.vhd:23897]
INFO: [Synth 8-638] synthesizing module 'axi_bram_ctrl_top' [/home/user/zynq/MMUv3/MMUv3.srcs/sources_1/bd/design_1/ipshared/9183/hdl/axi_bram_ctrl_v4_0_rfs.vhd:22901]
INFO: [Synth 8-638] synthesizing module 'full_axi' [/home/user/zynq/MMUv3/MMUv3.srcs/sources_1/bd/design_1/ipshared/9183/hdl/axi_bram_ctrl_v4_0_rfs.vhd:21844]
INFO: [Synth 8-638] synthesizing module 'sng_port_arb' [/home/user/zynq/MMUv3/MMUv3.srcs/sources_1/bd/design_1/ipshared/9183/hdl/axi_bram_ctrl_v4_0_rfs.vhd:9216]
INFO: [Synth 8-256] done synthesizing module 'sng_port_arb' (1#1) [/home/user/zynq/MMUv3/MMUv3.srcs/sources_1/bd/design_1/ipshared/9183/hdl/axi_bram_ctrl_v4_0_rfs.vhd:9216]
INFO: [Synth 8-638] synthesizing module 'wr_chnl' [/home/user/zynq/MMUv3/MMUv3.srcs/sources_1/bd/design_1/ipshared/9183/hdl/axi_bram_ctrl_v4_0_rfs.vhd:17009]
INFO: [Synth 8-638] synthesizing module 'wrap_brst' [/home/user/zynq/MMUv3/MMUv3.srcs/sources_1/bd/design_1/ipshared/9183/hdl/axi_bram_ctrl_v4_0_rfs.vhd:10215]
INFO: [Synth 8-256] done synthesizing module 'wrap_brst' (2#1) [/home/user/zynq/MMUv3/MMUv3.srcs/sources_1/bd/design_1/ipshared/9183/hdl/axi_bram_ctrl_v4_0_rfs.vhd:10215]
INFO: [Synth 8-638] synthesizing module 'SRL_FIFO' [/home/user/zynq/MMUv3/MMUv3.srcs/sources_1/bd/design_1/ipshared/9183/hdl/axi_bram_ctrl_v4_0_rfs.vhd:133]
INFO: [Synth 8-638] synthesizing module 'FDR' [/opt/Xilinx/Vivado/2017.1/scripts/rt/data/unisim_comp.v:3951]
INFO: [Synth 8-256] done synthesizing module 'FDR' (3#1) [/opt/Xilinx/Vivado/2017.1/scripts/rt/data/unisim_comp.v:3951]
INFO: [Synth 8-638] synthesizing module 'MUXCY_L' [/opt/Xilinx/Vivado/2017.1/scripts/rt/data/unisim_comp.v:21638]
INFO: [Synth 8-256] done synthesizing module 'MUXCY_L' (4#1) [/opt/Xilinx/Vivado/2017.1/scripts/rt/data/unisim_comp.v:21638]
INFO: [Synth 8-638] synthesizing module 'XORCY' [/opt/Xilinx/Vivado/2017.1/scripts/rt/data/unisim_comp.v:45685]
INFO: [Synth 8-256] done synthesizing module 'XORCY' (5#1) [/opt/Xilinx/Vivado/2017.1/scripts/rt/data/unisim_comp.v:45685]
INFO: [Synth 8-638] synthesizing module 'FDRE' [/opt/Xilinx/Vivado/2017.1/scripts/rt/data/unisim_comp.v:3964]
INFO: [Synth 8-256] done synthesizing module 'FDRE' (6#1) [/opt/Xilinx/Vivado/2017.1/scripts/rt/data/unisim_comp.v:3964]
INFO: [Synth 8-638] synthesizing module 'SRL16E' [/opt/Xilinx/Vivado/2017.1/scripts/rt/data/unisim_comp.v:43673]
INFO: [Synth 8-256] done synthesizing module 'SRL16E' (7#1) [/opt/Xilinx/Vivado/2017.1/scripts/rt/data/unisim_comp.v:43673]
INFO: [Synth 8-256] done synthesizing module 'SRL_FIFO' (8#1) [/home/user/zynq/MMUv3/MMUv3.srcs/sources_1/bd/design_1/ipshared/9183/hdl/axi_bram_ctrl_v4_0_rfs.vhd:133]
INFO: [Synth 8-256] done synthesizing module 'wr_chnl' (9#1) [/home/user/zynq/MMUv3/MMUv3.srcs/sources_1/bd/design_1/ipshared/9183/hdl/axi_bram_ctrl_v4_0_rfs.vhd:17009]
INFO: [Synth 8-638] synthesizing module 'rd_chnl' [/home/user/zynq/MMUv3/MMUv3.srcs/sources_1/bd/design_1/ipshared/9183/hdl/axi_bram_ctrl_v4_0_rfs.vhd:11495]
INFO: [Synth 8-256] done synthesizing module 'rd_chnl' (10#1) [/home/user/zynq/MMUv3/MMUv3.srcs/sources_1/bd/design_1/ipshared/9183/hdl/axi_bram_ctrl_v4_0_rfs.vhd:11495]
INFO: [Synth 8-256] done synthesizing module 'full_axi' (11#1) [/home/user/zynq/MMUv3/MMUv3.srcs/sources_1/bd/design_1/ipshared/9183/hdl/axi_bram_ctrl_v4_0_rfs.vhd:21844]
INFO: [Synth 8-256] done synthesizing module 'axi_bram_ctrl_top' (12#1) [/home/user/zynq/MMUv3/MMUv3.srcs/sources_1/bd/design_1/ipshared/9183/hdl/axi_bram_ctrl_v4_0_rfs.vhd:22901]
INFO: [Synth 8-256] done synthesizing module 'axi_bram_ctrl' (13#1) [/home/user/zynq/MMUv3/MMUv3.srcs/sources_1/bd/design_1/ipshared/9183/hdl/axi_bram_ctrl_v4_0_rfs.vhd:23897]
INFO: [Synth 8-256] done synthesizing module 'design_1_axi_bram_ctrl_0_2' (14#1) [/home/user/zynq/MMUv3/MMUv3.srcs/sources_1/bd/design_1/ip/design_1_axi_bram_ctrl_0_2/synth/design_1_axi_bram_ctrl_0_2.vhd:104]
Finished RTL Elaboration : Time (s): cpu = 00:00:10 ; elapsed = 00:00:10 . Memory (MB): peak = 1282.918 ; gain = 184.496 ; free physical = 7984 ; free virtual = 26857
Finished RTL Optimization Phase 1 : Time (s): cpu = 00:00:10 ; elapsed = 00:00:10 . Memory (MB): peak = 1282.918 ; gain = 184.496 ; free physical = 7985 ; free virtual = 26858
INFO: [Device 21-403] Loading part xc7z010clg400-1
Constraint Validation Runtime : Time (s): cpu = 00:00:00.04 ; elapsed = 00:00:00.04 . Memory (MB): peak = 1530.941 ; gain = 0.000 ; free physical = 8349 ; free virtual = 27221
Finished Constraint Validation : Time (s): cpu = 00:00:22 ; elapsed = 00:00:23 . Memory (MB): peak = 1530.941 ; gain = 432.520 ; free physical = 8329 ; free virtual = 27203
Finished Loading Part and Timing Information : Time (s): cpu = 00:00:22 ; elapsed = 00:00:23 . Memory (MB): peak = 1530.941 ; gain = 432.520 ; free physical = 8327 ; free virtual = 27201
Finished applying 'set_property' XDC Constraints : Time (s): cpu = 00:00:22 ; elapsed = 00:00:23 . Memory (MB): peak = 1530.941 ; gain = 432.520 ; free physical = 8319 ; free virtual = 27192
Finished RTL Optimization Phase 2 : Time (s): cpu = 00:00:23 ; elapsed = 00:00:24 . Memory (MB): peak = 1530.941 ; gain = 432.520 ; free physical = 8349 ; free virtual = 27222
Finished Cross Boundary and Area Optimization : Time (s): cpu = 00:00:25 ; elapsed = 00:00:26 . Memory (MB): peak = 1530.941 ; gain = 432.520 ; free physical = 8285 ; free virtual = 27158
Finished Applying XDC Timing Constraints : Time (s): cpu = 00:00:33 ; elapsed = 00:00:34 . Memory (MB): peak = 1530.941 ; gain = 432.520 ; free physical = 7961 ; free virtual = 26834
Finished Timing Optimization : Time (s): cpu = 00:00:35 ; elapsed = 00:00:36 . Memory (MB): peak = 1543.512 ; gain = 445.090 ; free physical = 7885 ; free virtual = 26758
Finished Technology Mapping : Time (s): cpu = 00:00:35 ; elapsed = 00:00:36 . Memory (MB): peak = 1559.527 ; gain = 461.105 ; free physical = 7875 ; free virtual = 26749
Finished IO Insertion : Time (s): cpu = 00:00:36 ; elapsed = 00:00:37 . Memory (MB): peak = 1559.527 ; gain = 461.105 ; free physical = 7866 ; free virtual = 26740
Finished Renaming Generated Instances : Time (s): cpu = 00:00:36 ; elapsed = 00:00:37 . Memory (MB): peak = 1559.527 ; gain = 461.105 ; free physical = 7866 ; free virtual = 26740
Finished Rebuilding User Hierarchy : Time (s): cpu = 00:00:36 ; elapsed = 00:00:37 . Memory (MB): peak = 1559.527 ; gain = 461.105 ; free physical = 7866 ; free virtual = 26740
Finished Renaming Generated Ports : Time (s): cpu = 00:00:36 ; elapsed = 00:00:37 . Memory (MB): peak = 1559.527 ; gain = 461.105 ; free physical = 7866 ; free virtual = 26740
Finished Handling Custom Attributes : Time (s): cpu = 00:00:36 ; elapsed = 00:00:37 . Memory (MB): peak = 1559.527 ; gain = 461.105 ; free physical = 7866 ; free virtual = 26740
Finished Renaming Generated Nets : Time (s): cpu = 00:00:36 ; elapsed = 00:00:37 . Memory (MB): peak = 1559.527 ; gain = 461.105 ; free physical = 7866 ; free virtual = 26740

Report Cell Usage: 
+------+--------+------+
|      |Cell    |Count |
+------+--------+------+
|1     |LUT1    |     1|
|2     |LUT2    |    23|
|3     |LUT3    |    50|
|4     |LUT4    |    29|
|5     |LUT5    |    35|
|6     |LUT6    |   107|
|7     |MUXCY_L |     3|
|8     |SRL16E  |     1|
|9     |XORCY   |     4|
|10    |FDR     |     1|
|11    |FDRE    |   204|
+------+--------+------+
Finished Writing Synthesis Report : Time (s): cpu = 00:00:36 ; elapsed = 00:00:37 . Memory (MB): peak = 1559.527 ; gain = 461.105 ; free physical = 7866 ; free virtual = 26740
synth_design: Time (s): cpu = 00:00:38 ; elapsed = 00:00:39 . Memory (MB): peak = 1559.535 ; gain = 473.699 ; free physical = 7922 ; free virtual = 26795
