
*** Running vivado
    with args -log design_1_auto_pc_3.vds -m64 -product Vivado -mode batch -messageDb vivado.pb -notrace -source design_1_auto_pc_3.tcl


****** Vivado v2017.1 (64-bit)
  **** SW Build 1846317 on Fri Apr 14 18:54:47 MDT 2017
  **** IP Build 1846188 on Fri Apr 14 20:52:08 MDT 2017
    ** Copyright 1986-2017 Xilinx, Inc. All Rights Reserved.

source design_1_auto_pc_3.tcl -notrace
Starting RTL Elaboration : Time (s): cpu = 00:00:06 ; elapsed = 00:00:06 . Memory (MB): peak = 1172.418 ; gain = 73.996 ; free physical = 8185 ; free virtual = 27053
INFO: [Synth 8-638] synthesizing module 'design_1_auto_pc_3' [/home/user/zynq/MMUv3/MMUv3.srcs/sources_1/bd/design_1/ip/design_1_auto_pc_3/synth/design_1_auto_pc_3.v:58]
INFO: [Synth 8-638] synthesizing module 'axi_protocol_converter_v2_1_12_axi_protocol_converter' [/home/user/zynq/MMUv3/MMUv3.srcs/sources_1/bd/design_1/ipshared/138d/hdl/axi_protocol_converter_v2_1_vl_rfs.v:4811]
INFO: [Synth 8-256] done synthesizing module 'axi_protocol_converter_v2_1_12_axi_protocol_converter' (1#1) [/home/user/zynq/MMUv3/MMUv3.srcs/sources_1/bd/design_1/ipshared/138d/hdl/axi_protocol_converter_v2_1_vl_rfs.v:4811]
INFO: [Synth 8-256] done synthesizing module 'design_1_auto_pc_3' (2#1) [/home/user/zynq/MMUv3/MMUv3.srcs/sources_1/bd/design_1/ip/design_1_auto_pc_3/synth/design_1_auto_pc_3.v:58]
Finished RTL Elaboration : Time (s): cpu = 00:00:39 ; elapsed = 00:00:39 . Memory (MB): peak = 1292.918 ; gain = 194.496 ; free physical = 8374 ; free virtual = 27233
Finished RTL Optimization Phase 1 : Time (s): cpu = 00:00:39 ; elapsed = 00:00:39 . Memory (MB): peak = 1292.918 ; gain = 194.496 ; free physical = 8362 ; free virtual = 27221
INFO: [Device 21-403] Loading part xc7z010clg400-1
Constraint Validation Runtime : Time (s): cpu = 00:00:00.04 ; elapsed = 00:00:00.04 . Memory (MB): peak = 1445.941 ; gain = 0.000 ; free physical = 7884 ; free virtual = 26742
Finished Constraint Validation : Time (s): cpu = 00:00:50 ; elapsed = 00:00:51 . Memory (MB): peak = 1445.941 ; gain = 347.520 ; free physical = 8003 ; free virtual = 26861
Finished Loading Part and Timing Information : Time (s): cpu = 00:00:50 ; elapsed = 00:00:51 . Memory (MB): peak = 1445.941 ; gain = 347.520 ; free physical = 8003 ; free virtual = 26861
Finished applying 'set_property' XDC Constraints : Time (s): cpu = 00:00:50 ; elapsed = 00:00:51 . Memory (MB): peak = 1445.941 ; gain = 347.520 ; free physical = 8004 ; free virtual = 26862
Finished RTL Optimization Phase 2 : Time (s): cpu = 00:00:50 ; elapsed = 00:00:51 . Memory (MB): peak = 1445.941 ; gain = 347.520 ; free physical = 8004 ; free virtual = 26862
Finished Cross Boundary and Area Optimization : Time (s): cpu = 00:00:50 ; elapsed = 00:00:51 . Memory (MB): peak = 1445.941 ; gain = 347.520 ; free physical = 7998 ; free virtual = 26856
Finished Applying XDC Timing Constraints : Time (s): cpu = 00:00:59 ; elapsed = 00:01:00 . Memory (MB): peak = 1480.941 ; gain = 382.520 ; free physical = 7861 ; free virtual = 26721
Finished Timing Optimization : Time (s): cpu = 00:00:59 ; elapsed = 00:01:00 . Memory (MB): peak = 1480.941 ; gain = 382.520 ; free physical = 7861 ; free virtual = 26721
Finished Technology Mapping : Time (s): cpu = 00:01:00 ; elapsed = 00:01:01 . Memory (MB): peak = 1489.957 ; gain = 391.535 ; free physical = 7860 ; free virtual = 26720
Finished IO Insertion : Time (s): cpu = 00:01:00 ; elapsed = 00:01:01 . Memory (MB): peak = 1489.957 ; gain = 391.535 ; free physical = 7852 ; free virtual = 26712
Finished Renaming Generated Instances : Time (s): cpu = 00:01:00 ; elapsed = 00:01:01 . Memory (MB): peak = 1489.957 ; gain = 391.535 ; free physical = 7852 ; free virtual = 26712
Finished Rebuilding User Hierarchy : Time (s): cpu = 00:01:00 ; elapsed = 00:01:01 . Memory (MB): peak = 1489.957 ; gain = 391.535 ; free physical = 7852 ; free virtual = 26712
Finished Renaming Generated Ports : Time (s): cpu = 00:01:00 ; elapsed = 00:01:01 . Memory (MB): peak = 1489.957 ; gain = 391.535 ; free physical = 7852 ; free virtual = 26712
Finished Handling Custom Attributes : Time (s): cpu = 00:01:00 ; elapsed = 00:01:01 . Memory (MB): peak = 1489.957 ; gain = 391.535 ; free physical = 7852 ; free virtual = 26712
Finished Renaming Generated Nets : Time (s): cpu = 00:01:00 ; elapsed = 00:01:01 . Memory (MB): peak = 1489.957 ; gain = 391.535 ; free physical = 7852 ; free virtual = 26712

Report Cell Usage: 
+-+-----+------+
| |Cell |Count |
+-+-----+------+
+-+-----+------+
Finished Writing Synthesis Report : Time (s): cpu = 00:01:00 ; elapsed = 00:01:01 . Memory (MB): peak = 1489.957 ; gain = 391.535 ; free physical = 7852 ; free virtual = 26712
synth_design: Time (s): cpu = 00:01:02 ; elapsed = 00:01:02 . Memory (MB): peak = 1502.957 ; gain = 417.121 ; free physical = 7860 ; free virtual = 26720
